Running: C:\Xilinx\14.7\ISE_DS\ISE\bin\nt64\unwrapped\fuse.exe -intstyle ise -incremental -lib unisims_ver -lib unimacro_ver -lib xilinxcorelib_ver -o C:/Xilinx/Projects/BaturGultekin_24188_EgeNalbant_24859/CarryLookAHeadHybridlAdderSubtractor15Bit_CarryLookAHeadHybridlAdderSubtractor15Bit_sch_tb_isim_beh.exe -prj C:/Xilinx/Projects/BaturGultekin_24188_EgeNalbant_24859/CarryLookAHeadHybridlAdderSubtractor15Bit_CarryLookAHeadHybridlAdderSubtractor15Bit_sch_tb_beh.prj work.CarryLookAHeadHybridlAdderSubtractor15Bit_CarryLookAHeadHybridlAdderSubtractor15Bit_sch_tb work.glbl 
ISim P.20131013 (signature 0x7708f090)
Number of CPUs detected in this system: 12
Turning on mult-threading, number of parallel sub-compilation jobs: 24 
Determining compilation order of HDL files
Analyzing Verilog file "C:/Xilinx/Projects/BaturGultekin_24188_EgeNalbant_24859/GPG.vf" into library work
Analyzing Verilog file "C:/Xilinx/Projects/BaturGultekin_24188_EgeNalbant_24859/CLA3Bit.vf" into library work
Analyzing Verilog file "C:/Xilinx/Projects/BaturGultekin_24188_EgeNalbant_24859/CarryLookAHeadHybridlAdderSubtractor15Bit.vf" into library work
Analyzing Verilog file "C:/Xilinx/Projects/BaturGultekin_24188_EgeNalbant_24859/CLAtest.v" into library work
Analyzing Verilog file "C:/Xilinx/14.7/ISE_DS/ISE//verilog/src/glbl.v" into library work
Starting static elaboration
Completed static elaboration
Compiling module OR4
Compiling module OR3
Compiling module OR2
Compiling module AND3
Compiling module AND4
Compiling module AND2
Compiling module CLA3Bit_MUSER_CarryLookAHeadHybr...
Compiling module XOR2
Compiling module GPG_MUSER_CarryLookAHeadHybridlA...
Compiling module CarryLookAHeadHybridlAdderSubtra...
Compiling module CarryLookAHeadHybridlAdderSubtra...
Compiling module glbl
Time Resolution for simulation is 1ps.
ERROR:Simulator:711 - Could not open file isim/CarryLookAHeadHybridlAdderSubtractor15Bit_CarryLookAHeadHybridlAdderSubtractor15Bit_sch_tb_isim_beh.exe.sim/work/CarryLookAHeadHybridlAdderSubtractor15Bit_CarryLookAHeadHybridlAdderSubtractor15Bit_sch_tb_isim_beh.exe_main.c.
