--------------------------------------------------------------------------------
Release 14.7 Trace  (nt64)
Copyright (c) 1995-2013 Xilinx, Inc.  All rights reserved.

C:\Xilinx\14.7\ISE_DS\ISE\bin\nt64\unwrapped\trce.exe -intstyle ise -v 3 -s 4
-n 3 -fastpaths -xml FullAdder15Bit.twx FullAdder15Bit.ncd -o
FullAdder15Bit.twr FullAdder15Bit.pcf

Design file:              FullAdder15Bit.ncd
Physical constraint file: FullAdder15Bit.pcf
Device,package,speed:     xc3s100e,tq144,-4 (PRODUCTION 1.27 2013-10-13)
Report level:             verbose report

Environment Variable      Effect 
--------------------      ------ 
NONE                      No environment variables were set
--------------------------------------------------------------------------------

INFO:Timing:2698 - No timing constraints found, doing default enumeration.
INFO:Timing:3412 - To improve timing, see the Timing Closure User Guide (UG612).
INFO:Timing:2752 - To get complete path coverage, use the unconstrained paths 
   option. All paths that are not constrained will be reported in the 
   unconstrained paths section(s) of the report.
INFO:Timing:3339 - The clock-to-out numbers in this timing report are based on 
   a 50 Ohm transmission line loading model.  For the details of this model, 
   and for more information on accounting for different loading conditions, 
   please see the device datasheet.
INFO:Timing:3390 - This architecture does not support a default System Jitter 
   value, please add SYSTEM_JITTER constraint to the UCF to modify the Clock 
   Uncertainty calculation.
INFO:Timing:3389 - This architecture does not support 'Discrete Jitter' and 
   'Phase Error' calculations, these terms will be zero in the Clock 
   Uncertainty calculation.  Please make appropriate modification to 
   SYSTEM_JITTER to account for the unsupported Discrete Jitter and Phase 
   Error.



Data Sheet report:
-----------------
All values displayed in nanoseconds (ns)

Pad to Pad
---------------+---------------+---------+
Source Pad     |Destination Pad|  Delay  |
---------------+---------------+---------+
A<0>           |Cout           |   23.418|
A<0>           |S<0>           |    7.037|
A<0>           |S<1>           |    8.473|
A<0>           |S<2>           |    9.792|
A<0>           |S<3>           |   11.273|
A<0>           |S<4>           |   11.993|
A<0>           |S<5>           |   12.956|
A<0>           |S<6>           |   14.619|
A<0>           |S<7>           |   14.930|
A<0>           |S<8>           |   16.714|
A<0>           |S<9>           |   17.557|
A<0>           |S<10>          |   18.901|
A<0>           |S<11>          |   20.317|
A<0>           |S<12>          |   20.913|
A<0>           |S<13>          |   21.731|
A<0>           |S<14>          |   22.245|
A<0>           |V              |   22.842|
A<1>           |Cout           |   21.579|
A<1>           |S<1>           |    7.167|
A<1>           |S<2>           |    7.953|
A<1>           |S<3>           |    9.434|
A<1>           |S<4>           |   10.154|
A<1>           |S<5>           |   11.117|
A<1>           |S<6>           |   12.780|
A<1>           |S<7>           |   13.091|
A<1>           |S<8>           |   14.875|
A<1>           |S<9>           |   15.718|
A<1>           |S<10>          |   17.062|
A<1>           |S<11>          |   18.478|
A<1>           |S<12>          |   19.074|
A<1>           |S<13>          |   19.892|
A<1>           |S<14>          |   20.406|
A<1>           |V              |   21.003|
A<2>           |Cout           |   20.980|
A<2>           |S<2>           |    7.354|
A<2>           |S<3>           |    8.835|
A<2>           |S<4>           |    9.555|
A<2>           |S<5>           |   10.518|
A<2>           |S<6>           |   12.181|
A<2>           |S<7>           |   12.492|
A<2>           |S<8>           |   14.276|
A<2>           |S<9>           |   15.119|
A<2>           |S<10>          |   16.463|
A<2>           |S<11>          |   17.879|
A<2>           |S<12>          |   18.475|
A<2>           |S<13>          |   19.293|
A<2>           |S<14>          |   19.807|
A<2>           |V              |   20.404|
A<3>           |Cout           |   20.078|
A<3>           |S<3>           |    7.976|
A<3>           |S<4>           |    8.653|
A<3>           |S<5>           |    9.616|
A<3>           |S<6>           |   11.279|
A<3>           |S<7>           |   11.590|
A<3>           |S<8>           |   13.374|
A<3>           |S<9>           |   14.217|
A<3>           |S<10>          |   15.561|
A<3>           |S<11>          |   16.977|
A<3>           |S<12>          |   17.573|
A<3>           |S<13>          |   18.391|
A<3>           |S<14>          |   18.905|
A<3>           |V              |   19.502|
A<4>           |Cout           |   18.868|
A<4>           |S<4>           |    7.206|
A<4>           |S<5>           |    8.406|
A<4>           |S<6>           |   10.069|
A<4>           |S<7>           |   10.380|
A<4>           |S<8>           |   12.164|
A<4>           |S<9>           |   13.007|
A<4>           |S<10>          |   14.351|
A<4>           |S<11>          |   15.767|
A<4>           |S<12>          |   16.363|
A<4>           |S<13>          |   17.181|
A<4>           |S<14>          |   17.695|
A<4>           |V              |   18.292|
A<5>           |Cout           |   17.988|
A<5>           |S<5>           |    7.128|
A<5>           |S<6>           |    9.189|
A<5>           |S<7>           |    9.500|
A<5>           |S<8>           |   11.284|
A<5>           |S<9>           |   12.127|
A<5>           |S<10>          |   13.471|
A<5>           |S<11>          |   14.887|
A<5>           |S<12>          |   15.483|
A<5>           |S<13>          |   16.301|
A<5>           |S<14>          |   16.815|
A<5>           |V              |   17.412|
A<6>           |Cout           |   17.091|
A<6>           |S<6>           |    7.888|
A<6>           |S<7>           |    8.603|
A<6>           |S<8>           |   10.387|
A<6>           |S<9>           |   11.230|
A<6>           |S<10>          |   12.574|
A<6>           |S<11>          |   13.990|
A<6>           |S<12>          |   14.586|
A<6>           |S<13>          |   15.404|
A<6>           |S<14>          |   15.918|
A<6>           |V              |   16.515|
A<7>           |Cout           |   16.077|
A<7>           |S<7>           |    6.856|
A<7>           |S<8>           |    9.373|
A<7>           |S<9>           |   10.216|
A<7>           |S<10>          |   11.560|
A<7>           |S<11>          |   12.976|
A<7>           |S<12>          |   13.572|
A<7>           |S<13>          |   14.390|
A<7>           |S<14>          |   14.904|
A<7>           |V              |   15.501|
A<8>           |Cout           |   15.282|
A<8>           |S<8>           |    6.539|
A<8>           |S<9>           |    9.421|
A<8>           |S<10>          |   10.765|
A<8>           |S<11>          |   12.181|
A<8>           |S<12>          |   12.777|
A<8>           |S<13>          |   13.595|
A<8>           |S<14>          |   14.109|
A<8>           |V              |   14.706|
A<9>           |Cout           |   12.899|
A<9>           |S<9>           |    8.088|
A<9>           |S<10>          |    8.382|
A<9>           |S<11>          |    9.798|
A<9>           |S<12>          |   10.394|
A<9>           |S<13>          |   11.212|
A<9>           |S<14>          |   11.726|
A<9>           |V              |   12.323|
A<10>          |Cout           |   12.621|
A<10>          |S<10>          |    6.558|
A<10>          |S<11>          |    9.520|
A<10>          |S<12>          |   10.116|
A<10>          |S<13>          |   10.934|
A<10>          |S<14>          |   11.448|
A<10>          |V              |   12.045|
A<11>          |Cout           |   10.544|
A<11>          |S<11>          |    7.129|
A<11>          |S<12>          |    8.039|
A<11>          |S<13>          |    8.857|
A<11>          |S<14>          |    9.371|
A<11>          |V              |    9.968|
A<12>          |Cout           |    9.681|
A<12>          |S<12>          |    6.445|
A<12>          |S<13>          |    7.994|
A<12>          |S<14>          |    8.508|
A<12>          |V              |    9.105|
A<13>          |Cout           |    8.922|
A<13>          |S<13>          |    6.854|
A<13>          |S<14>          |    7.749|
A<13>          |V              |    8.346|
A<14>          |Cout           |    6.802|
A<14>          |S<14>          |    6.505|
A<14>          |V              |    6.646|
B<0>           |Cout           |   23.002|
B<0>           |S<0>           |    6.939|
B<0>           |S<1>           |    8.057|
B<0>           |S<2>           |    9.376|
B<0>           |S<3>           |   10.857|
B<0>           |S<4>           |   11.577|
B<0>           |S<5>           |   12.540|
B<0>           |S<6>           |   14.203|
B<0>           |S<7>           |   14.514|
B<0>           |S<8>           |   16.298|
B<0>           |S<9>           |   17.141|
B<0>           |S<10>          |   18.485|
B<0>           |S<11>          |   19.901|
B<0>           |S<12>          |   20.497|
B<0>           |S<13>          |   21.315|
B<0>           |S<14>          |   21.829|
B<0>           |V              |   22.426|
B<1>           |Cout           |   22.411|
B<1>           |S<1>           |    8.345|
B<1>           |S<2>           |    8.785|
B<1>           |S<3>           |   10.266|
B<1>           |S<4>           |   10.986|
B<1>           |S<5>           |   11.949|
B<1>           |S<6>           |   13.612|
B<1>           |S<7>           |   13.923|
B<1>           |S<8>           |   15.707|
B<1>           |S<9>           |   16.550|
B<1>           |S<10>          |   17.894|
B<1>           |S<11>          |   19.310|
B<1>           |S<12>          |   19.906|
B<1>           |S<13>          |   20.724|
B<1>           |S<14>          |   21.238|
B<1>           |V              |   21.835|
B<2>           |Cout           |   21.918|
B<2>           |S<2>           |    8.292|
B<2>           |S<3>           |    9.773|
B<2>           |S<4>           |   10.493|
B<2>           |S<5>           |   11.456|
B<2>           |S<6>           |   13.119|
B<2>           |S<7>           |   13.430|
B<2>           |S<8>           |   15.214|
B<2>           |S<9>           |   16.057|
B<2>           |S<10>          |   17.401|
B<2>           |S<11>          |   18.817|
B<2>           |S<12>          |   19.413|
B<2>           |S<13>          |   20.231|
B<2>           |S<14>          |   20.745|
B<2>           |V              |   21.342|
B<3>           |Cout           |   20.109|
B<3>           |S<3>           |    7.800|
B<3>           |S<4>           |    8.684|
B<3>           |S<5>           |    9.647|
B<3>           |S<6>           |   11.310|
B<3>           |S<7>           |   11.621|
B<3>           |S<8>           |   13.405|
B<3>           |S<9>           |   14.248|
B<3>           |S<10>          |   15.592|
B<3>           |S<11>          |   17.008|
B<3>           |S<12>          |   17.604|
B<3>           |S<13>          |   18.422|
B<3>           |S<14>          |   18.936|
B<3>           |V              |   19.533|
B<4>           |Cout           |   20.043|
B<4>           |S<4>           |    8.610|
B<4>           |S<5>           |    9.581|
B<4>           |S<6>           |   11.244|
B<4>           |S<7>           |   11.555|
B<4>           |S<8>           |   13.339|
B<4>           |S<9>           |   14.182|
B<4>           |S<10>          |   15.526|
B<4>           |S<11>          |   16.942|
B<4>           |S<12>          |   17.538|
B<4>           |S<13>          |   18.356|
B<4>           |S<14>          |   18.870|
B<4>           |V              |   19.467|
B<5>           |Cout           |   18.249|
B<5>           |S<5>           |    7.983|
B<5>           |S<6>           |    9.450|
B<5>           |S<7>           |    9.761|
B<5>           |S<8>           |   11.545|
B<5>           |S<9>           |   12.388|
B<5>           |S<10>          |   13.732|
B<5>           |S<11>          |   15.148|
B<5>           |S<12>          |   15.744|
B<5>           |S<13>          |   16.562|
B<5>           |S<14>          |   17.076|
B<5>           |V              |   17.673|
B<6>           |Cout           |   17.634|
B<6>           |S<6>           |    8.430|
B<6>           |S<7>           |    9.146|
B<6>           |S<8>           |   10.930|
B<6>           |S<9>           |   11.773|
B<6>           |S<10>          |   13.117|
B<6>           |S<11>          |   14.533|
B<6>           |S<12>          |   15.129|
B<6>           |S<13>          |   15.947|
B<6>           |S<14>          |   16.461|
B<6>           |V              |   17.058|
B<7>           |Cout           |   15.384|
B<7>           |S<7>           |    7.719|
B<7>           |S<8>           |    8.680|
B<7>           |S<9>           |    9.523|
B<7>           |S<10>          |   10.867|
B<7>           |S<11>          |   12.283|
B<7>           |S<12>          |   12.879|
B<7>           |S<13>          |   13.697|
B<7>           |S<14>          |   14.211|
B<7>           |V              |   14.808|
B<8>           |Cout           |   14.675|
B<8>           |S<8>           |    8.392|
B<8>           |S<9>           |    8.814|
B<8>           |S<10>          |   10.158|
B<8>           |S<11>          |   11.574|
B<8>           |S<12>          |   12.170|
B<8>           |S<13>          |   12.988|
B<8>           |S<14>          |   13.502|
B<8>           |V              |   14.099|
B<9>           |Cout           |   13.100|
B<9>           |S<9>           |    7.304|
B<9>           |S<10>          |    8.583|
B<9>           |S<11>          |    9.999|
B<9>           |S<12>          |   10.595|
B<9>           |S<13>          |   11.413|
B<9>           |S<14>          |   11.927|
B<9>           |V              |   12.524|
B<10>          |Cout           |   12.535|
B<10>          |S<10>          |    7.381|
B<10>          |S<11>          |    9.434|
B<10>          |S<12>          |   10.030|
B<10>          |S<13>          |   10.848|
B<10>          |S<14>          |   11.362|
B<10>          |V              |   11.959|
B<11>          |Cout           |   10.760|
B<11>          |S<11>          |    7.491|
B<11>          |S<12>          |    8.255|
B<11>          |S<13>          |    9.073|
B<11>          |S<14>          |    9.587|
B<11>          |V              |   10.184|
B<12>          |Cout           |   10.370|
B<12>          |S<12>          |    7.502|
B<12>          |S<13>          |    8.683|
B<12>          |S<14>          |    9.197|
B<12>          |V              |    9.794|
B<13>          |Cout           |    8.705|
B<13>          |S<13>          |    7.394|
B<13>          |S<14>          |    7.532|
B<13>          |V              |    8.129|
B<14>          |Cout           |    7.832|
B<14>          |S<14>          |    7.745|
B<14>          |V              |    6.534|
M              |Cout           |   24.365|
M              |S<1>           |    9.420|
M              |S<2>           |   10.739|
M              |S<3>           |   12.220|
M              |S<4>           |   12.940|
M              |S<5>           |   13.903|
M              |S<6>           |   15.566|
M              |S<7>           |   15.877|
M              |S<8>           |   17.661|
M              |S<9>           |   18.504|
M              |S<10>          |   19.848|
M              |S<11>          |   21.264|
M              |S<12>          |   21.860|
M              |S<13>          |   22.678|
M              |S<14>          |   23.192|
M              |V              |   23.789|
---------------+---------------+---------+


Analysis completed Mon Nov 18 00:24:40 2019 
--------------------------------------------------------------------------------

Trace Settings:
-------------------------
Trace Settings 

Peak Memory Usage: 4488 MB



