Release 14.7 - xst P.20131013 (nt64)
Copyright (c) 1995-2013 Xilinx, Inc.  All rights reserved.
--> Parameter TMPDIR set to xst/projnav.tmp


Total REAL time to Xst completion: 0.00 secs
Total CPU time to Xst completion: 0.22 secs
 
--> Parameter xsthdpdir set to xst


Total REAL time to Xst completion: 0.00 secs
Total CPU time to Xst completion: 0.22 secs
 
--> Reading design: FullAdder15Bit.prj

TABLE OF CONTENTS
  1) Synthesis Options Summary
  2) HDL Compilation
  3) Design Hierarchy Analysis
  4) HDL Analysis
  5) HDL Synthesis
     5.1) HDL Synthesis Report
  6) Advanced HDL Synthesis
     6.1) Advanced HDL Synthesis Report
  7) Low Level Synthesis
  8) Partition Report
  9) Final Report
	9.1) Device utilization summary
	9.2) Partition Resource Summary
	9.3) TIMING REPORT


=========================================================================
*                      Synthesis Options Summary                        *
=========================================================================
---- Source Parameters
Input File Name                    : "FullAdder15Bit.prj"
Input Format                       : mixed
Ignore Synthesis Constraint File   : NO

---- Target Parameters
Output File Name                   : "FullAdder15Bit"
Output Format                      : NGC
Target Device                      : xc3s100e-4-tq144

---- Source Options
Top Module Name                    : FullAdder15Bit
Automatic FSM Extraction           : YES
FSM Encoding Algorithm             : Auto
Safe Implementation                : No
FSM Style                          : LUT
RAM Extraction                     : Yes
RAM Style                          : Auto
ROM Extraction                     : Yes
Mux Style                          : Auto
Decoder Extraction                 : YES
Priority Encoder Extraction        : Yes
Shift Register Extraction          : YES
Logical Shifter Extraction         : YES
XOR Collapsing                     : YES
ROM Style                          : Auto
Mux Extraction                     : Yes
Resource Sharing                   : YES
Asynchronous To Synchronous        : NO
Multiplier Style                   : Auto
Automatic Register Balancing       : No

---- Target Options
Add IO Buffers                     : YES
Global Maximum Fanout              : 500
Add Generic Clock Buffer(BUFG)     : 24
Register Duplication               : YES
Slice Packing                      : YES
Optimize Instantiated Primitives   : NO
Use Clock Enable                   : Yes
Use Synchronous Set                : Yes
Use Synchronous Reset              : Yes
Pack IO Registers into IOBs        : Auto
Equivalent register Removal        : YES

---- General Options
Optimization Goal                  : Speed
Optimization Effort                : 1
Keep Hierarchy                     : No
Netlist Hierarchy                  : As_Optimized
RTL Output                         : Yes
Global Optimization                : AllClockNets
Read Cores                         : YES
Write Timing Constraints           : NO
Cross Clock Analysis               : NO
Hierarchy Separator                : /
Bus Delimiter                      : <>
Case Specifier                     : Maintain
Slice Utilization Ratio            : 100
BRAM Utilization Ratio             : 100
Verilog 2001                       : YES
Auto BRAM Packing                  : NO
Slice Utilization Ratio Delta      : 5

=========================================================================


=========================================================================
*                          HDL Compilation                              *
=========================================================================
Compiling verilog file "FullAdderModule.v" in library work
Compiling verilog file "FullAdder15Bit.v" in library work
Module <FullAdderModule> compiled
Module <FullAdder15Bit> compiled
No errors in compilation
Analysis of file <"FullAdder15Bit.prj"> succeeded.
 

=========================================================================
*                     Design Hierarchy Analysis                         *
=========================================================================
Analyzing hierarchy for module <FullAdder15Bit> in library <work>.

Analyzing hierarchy for module <FullAdderModule> in library <work>.


=========================================================================
*                            HDL Analysis                               *
=========================================================================
Analyzing top module <FullAdder15Bit>.
Module <FullAdder15Bit> is correct for synthesis.
 
Analyzing module <FullAdderModule> in library <work>.
Module <FullAdderModule> is correct for synthesis.
 

=========================================================================
*                           HDL Synthesis                               *
=========================================================================

Performing bidirectional port resolution...

Synthesizing Unit <FullAdderModule>.
    Related source file is "FullAdderModule.v".
    Found 1-bit xor2 for signal <S>.
    Found 1-bit xor2 for signal <out1>.
Unit <FullAdderModule> synthesized.


Synthesizing Unit <FullAdder15Bit>.
    Related source file is "FullAdder15Bit.v".
    Found 1-bit xor2 for signal <V>.
    Found 1-bit xor2 for signal <$xor0000> created at line 34.
    Found 1-bit xor2 for signal <$xor0001> created at line 35.
    Found 1-bit xor2 for signal <$xor0002> created at line 36.
    Found 1-bit xor2 for signal <$xor0003> created at line 37.
    Found 1-bit xor2 for signal <$xor0004> created at line 38.
    Found 1-bit xor2 for signal <$xor0005> created at line 39.
    Found 1-bit xor2 for signal <$xor0006> created at line 40.
    Found 1-bit xor2 for signal <$xor0007> created at line 41.
    Found 1-bit xor2 for signal <$xor0008> created at line 42.
    Found 1-bit xor2 for signal <$xor0009> created at line 43.
    Found 1-bit xor2 for signal <$xor0010> created at line 44.
    Found 1-bit xor2 for signal <$xor0011> created at line 45.
    Found 1-bit xor2 for signal <$xor0012> created at line 46.
    Found 1-bit xor2 for signal <$xor0013> created at line 47.
    Found 1-bit xor2 for signal <$xor0014> created at line 48.
Unit <FullAdder15Bit> synthesized.


=========================================================================
HDL Synthesis Report

Macro Statistics
# Xors                                                 : 46
 1-bit xor2                                            : 46

=========================================================================

=========================================================================
*                       Advanced HDL Synthesis                          *
=========================================================================


=========================================================================
Advanced HDL Synthesis Report

Macro Statistics
# Xors                                                 : 46
 1-bit xor2                                            : 46

=========================================================================

=========================================================================
*                         Low Level Synthesis                           *
=========================================================================

Optimizing unit <FullAdder15Bit> ...

Mapping all equations...
Building and optimizing final netlist ...
Found area constraint ratio of 100 (+ 5) on block FullAdder15Bit, actual ratio is 1.

Final Macro Processing ...

=========================================================================
Final Register Report

Found no macro
=========================================================================

=========================================================================
*                           Partition Report                            *
=========================================================================

Partition Implementation Status
-------------------------------

  No Partitions were found in this design.

-------------------------------

=========================================================================
*                            Final Report                               *
=========================================================================
Final Results
RTL Top Level Output File Name     : FullAdder15Bit.ngr
Top Level Output File Name         : FullAdder15Bit
Output Format                      : NGC
Optimization Goal                  : Speed
Keep Hierarchy                     : No

Design Statistics
# IOs                              : 48

Cell Usage :
# BELS                             : 31
#      LUT2                        : 1
#      LUT3                        : 1
#      LUT4                        : 29
# IO Buffers                       : 48
#      IBUF                        : 31
#      OBUF                        : 17
=========================================================================

Device utilization summary:
---------------------------

Selected Device : 3s100etq144-4 

 Number of Slices:                       18  out of    960     1%  
 Number of 4 input LUTs:                 31  out of   1920     1%  
 Number of IOs:                          48
 Number of bonded IOBs:                  48  out of    108    44%  

---------------------------
Partition Resource Summary:
---------------------------

  No Partitions were found in this design.

---------------------------


=========================================================================
TIMING REPORT

NOTE: THESE TIMING NUMBERS ARE ONLY A SYNTHESIS ESTIMATE.
      FOR ACCURATE TIMING INFORMATION PLEASE REFER TO THE TRACE REPORT
      GENERATED AFTER PLACE-and-ROUTE.

Clock Information:
------------------
No clock signals found in this design

Asynchronous Control Signals Information:
----------------------------------------
No asynchronous control signals found in this design

Timing Summary:
---------------
Speed Grade: -4

   Minimum period: No path found
   Minimum input arrival time before clock: No path found
   Maximum output required time after clock: No path found
   Maximum combinational path delay: 23.380ns

Timing Detail:
--------------
All values displayed in nanoseconds (ns)

=========================================================================
Timing constraint: Default path analysis
  Total number of paths / destination ports: 449 / 17
-------------------------------------------------------------------------
Delay:               23.380ns (Levels of Logic = 17)
  Source:            M (PAD)
  Destination:       V (PAD)

  Data Path: M to V
                                Gate     Net
    Cell:in->out      fanout   Delay   Delay  Logical Name (Net Name)
    ----------------------------------------  ------------
     IBUF:I->O            30   1.218   1.341  M_IBUF (M_IBUF)
     LUT3:I1->O            2   0.704   0.451  FA0/Cout1 (C<1>)
     LUT4:I3->O            2   0.704   0.451  FA1/Cout1 (C<2>)
     LUT4:I3->O            2   0.704   0.451  FA2/Cout1 (C<3>)
     LUT4:I3->O            2   0.704   0.451  FA3/Cout1 (C<4>)
     LUT4:I3->O            2   0.704   0.451  FA4/Cout1 (C<5>)
     LUT4:I3->O            2   0.704   0.451  FA5/Cout1 (C<6>)
     LUT4:I3->O            2   0.704   0.451  FA6/Cout1 (C<7>)
     LUT4:I3->O            2   0.704   0.451  FA7/Cout1 (C<8>)
     LUT4:I3->O            2   0.704   0.451  FA8/Cout1 (C<9>)
     LUT4:I3->O            2   0.704   0.451  FA9/Cout1 (C<10>)
     LUT4:I3->O            2   0.704   0.451  FA10/Cout1 (C<11>)
     LUT4:I3->O            2   0.704   0.451  FA11/Cout1 (C<12>)
     LUT4:I3->O            2   0.704   0.451  FA12/Cout1 (C<13>)
     LUT4:I3->O            3   0.704   0.706  FA13/Cout1 (C<14>)
     LUT4:I0->O            1   0.704   0.420  Mxor_V_Result1 (V_OBUF)
     OBUF:I->O                 3.272          V_OBUF (V)
    ----------------------------------------
    Total                     23.380ns (15.050ns logic, 8.330ns route)
                                       (64.4% logic, 35.6% route)

=========================================================================


Total REAL time to Xst completion: 3.00 secs
Total CPU time to Xst completion: 3.55 secs
 
--> 

Total memory usage is 4506408 kilobytes

Number of errors   :    0 (   0 filtered)
Number of warnings :    0 (   0 filtered)
Number of infos    :    0 (   0 filtered)

