Running: C:\Xilinx\14.7\ISE_DS\ISE\bin\nt64\unwrapped\fuse.exe -intstyle ise -incremental -lib unisims_ver -lib unimacro_ver -lib xilinxcorelib_ver -o C:/Xilinx/Projects/baturgultekin_egenalbant_sectionI_Lab4/HybridCLAdderTest_isim_beh.exe -prj C:/Xilinx/Projects/baturgultekin_egenalbant_sectionI_Lab4/HybridCLAdderTest_beh.prj work.HybridCLAdderTest work.glbl 
ISim P.20131013 (signature 0x7708f090)
Number of CPUs detected in this system: 12
Turning on mult-threading, number of parallel sub-compilation jobs: 24 
Determining compilation order of HDL files
Analyzing Verilog file "C:/Xilinx/Projects/baturgultekin_egenalbant_sectionI_Lab4/HybridCLAdder4Module.v" into library work
Analyzing Verilog file "C:/Xilinx/Projects/baturgultekin_egenalbant_sectionI_Lab4/HybridCLAdder15Bit.v" into library work
Analyzing Verilog file "C:/Xilinx/Projects/baturgultekin_egenalbant_sectionI_Lab4/HybridCLAdderTest.v" into library work
Analyzing Verilog file "C:/Xilinx/14.7/ISE_DS/ISE//verilog/src/glbl.v" into library work
Starting static elaboration
WARNING:HDLCompiler:1016 - "C:/Xilinx/Projects/baturgultekin_egenalbant_sectionI_Lab4/HybridCLAdder15Bit.v" Line 50: Port check is not connected to this instance
WARNING:HDLCompiler:1016 - "C:/Xilinx/Projects/baturgultekin_egenalbant_sectionI_Lab4/HybridCLAdder15Bit.v" Line 51: Port check is not connected to this instance
WARNING:HDLCompiler:1016 - "C:/Xilinx/Projects/baturgultekin_egenalbant_sectionI_Lab4/HybridCLAdder15Bit.v" Line 52: Port check is not connected to this instance
WARNING:HDLCompiler:1016 - "C:/Xilinx/Projects/baturgultekin_egenalbant_sectionI_Lab4/HybridCLAdder15Bit.v" Line 53: Port check is not connected to this instance
Completed static elaboration
Compiling module HybridCLAdder3Module
Compiling module HybridCLAdder15Bit
Compiling module HybridCLAdderTest
Compiling module glbl
Time Resolution for simulation is 1ps.
Waiting for 1 sub-compilation(s) to finish...
Compiled 4 Verilog Units
Built simulation executable C:/Xilinx/Projects/baturgultekin_egenalbant_sectionI_Lab4/HybridCLAdderTest_isim_beh.exe
Fuse Memory Usage: 28204 KB
Fuse CPU Usage: 280 ms
