Release 14.7 - xst P.20131013 (nt64)
Copyright (c) 1995-2013 Xilinx, Inc.  All rights reserved.
--> Parameter TMPDIR set to xst/projnav.tmp


Total REAL time to Xst completion: 0.00 secs
Total CPU time to Xst completion: 0.08 secs
 
--> Parameter xsthdpdir set to xst


Total REAL time to Xst completion: 0.00 secs
Total CPU time to Xst completion: 0.08 secs
 
--> Reading design: HybridCLAdder15Bit.prj

TABLE OF CONTENTS
  1) Synthesis Options Summary
  2) HDL Compilation
  3) Design Hierarchy Analysis
  4) HDL Analysis
  5) HDL Synthesis
     5.1) HDL Synthesis Report
  6) Advanced HDL Synthesis
     6.1) Advanced HDL Synthesis Report
  7) Low Level Synthesis
  8) Partition Report
  9) Final Report
	9.1) Device utilization summary
	9.2) Partition Resource Summary
	9.3) TIMING REPORT


=========================================================================
*                      Synthesis Options Summary                        *
=========================================================================
---- Source Parameters
Input File Name                    : "HybridCLAdder15Bit.prj"
Input Format                       : mixed
Ignore Synthesis Constraint File   : NO

---- Target Parameters
Output File Name                   : "HybridCLAdder15Bit"
Output Format                      : NGC
Target Device                      : xc3s100e-4-tq144

---- Source Options
Top Module Name                    : HybridCLAdder15Bit
Automatic FSM Extraction           : YES
FSM Encoding Algorithm             : Auto
Safe Implementation                : No
FSM Style                          : LUT
RAM Extraction                     : Yes
RAM Style                          : Auto
ROM Extraction                     : Yes
Mux Style                          : Auto
Decoder Extraction                 : YES
Priority Encoder Extraction        : Yes
Shift Register Extraction          : YES
Logical Shifter Extraction         : YES
XOR Collapsing                     : YES
ROM Style                          : Auto
Mux Extraction                     : Yes
Resource Sharing                   : YES
Asynchronous To Synchronous        : NO
Multiplier Style                   : Auto
Automatic Register Balancing       : No

---- Target Options
Add IO Buffers                     : YES
Global Maximum Fanout              : 500
Add Generic Clock Buffer(BUFG)     : 24
Register Duplication               : YES
Slice Packing                      : YES
Optimize Instantiated Primitives   : NO
Use Clock Enable                   : Yes
Use Synchronous Set                : Yes
Use Synchronous Reset              : Yes
Pack IO Registers into IOBs        : Auto
Equivalent register Removal        : YES

---- General Options
Optimization Goal                  : Speed
Optimization Effort                : 1
Keep Hierarchy                     : No
Netlist Hierarchy                  : As_Optimized
RTL Output                         : Yes
Global Optimization                : AllClockNets
Read Cores                         : YES
Write Timing Constraints           : NO
Cross Clock Analysis               : NO
Hierarchy Separator                : /
Bus Delimiter                      : <>
Case Specifier                     : Maintain
Slice Utilization Ratio            : 100
BRAM Utilization Ratio             : 100
Verilog 2001                       : YES
Auto BRAM Packing                  : NO
Slice Utilization Ratio Delta      : 5

=========================================================================


=========================================================================
*                          HDL Compilation                              *
=========================================================================
Compiling verilog file "HybridCLAdder4Module.v" in library work
Compiling verilog file "HybridCLAdder15Bit.v" in library work
Module <HybridCLAdder3Module> compiled
Module <HybridCLAdder15Bit> compiled
No errors in compilation
Analysis of file <"HybridCLAdder15Bit.prj"> succeeded.
 

=========================================================================
*                     Design Hierarchy Analysis                         *
=========================================================================
Analyzing hierarchy for module <HybridCLAdder15Bit> in library <work>.

Analyzing hierarchy for module <HybridCLAdder3Module> in library <work>.


=========================================================================
*                            HDL Analysis                               *
=========================================================================
Analyzing top module <HybridCLAdder15Bit>.
Module <HybridCLAdder15Bit> is correct for synthesis.
 
Analyzing module <HybridCLAdder3Module> in library <work>.
Module <HybridCLAdder3Module> is correct for synthesis.
 

=========================================================================
*                           HDL Synthesis                               *
=========================================================================

Performing bidirectional port resolution...

Synthesizing Unit <HybridCLAdder3Module>.
    Related source file is "HybridCLAdder4Module.v".
    Found 3-bit xor2 for signal <S>.
    Found 3-bit xor2 for signal <P>.
Unit <HybridCLAdder3Module> synthesized.


Synthesizing Unit <HybridCLAdder15Bit>.
    Related source file is "HybridCLAdder15Bit.v".
WARNING:Xst:646 - Signal <C<3>> is assigned but never used. This unconnected signal will be trimmed during the optimization process.
    Found 1-bit xor2 for signal <V>.
    Found 15-bit xor2 for signal <X>.
Unit <HybridCLAdder15Bit> synthesized.


=========================================================================
HDL Synthesis Report

Macro Statistics
# Xors                                                 : 46
 1-bit xor2                                            : 46

=========================================================================

=========================================================================
*                       Advanced HDL Synthesis                          *
=========================================================================


=========================================================================
Advanced HDL Synthesis Report

Macro Statistics
# Xors                                                 : 46
 1-bit xor2                                            : 46

=========================================================================

=========================================================================
*                         Low Level Synthesis                           *
=========================================================================

Optimizing unit <HybridCLAdder15Bit> ...

Mapping all equations...
Building and optimizing final netlist ...
Found area constraint ratio of 100 (+ 5) on block HybridCLAdder15Bit, actual ratio is 2.

Final Macro Processing ...

=========================================================================
Final Register Report

Found no macro
=========================================================================

=========================================================================
*                           Partition Report                            *
=========================================================================

Partition Implementation Status
-------------------------------

  No Partitions were found in this design.

-------------------------------

=========================================================================
*                            Final Report                               *
=========================================================================
Final Results
RTL Top Level Output File Name     : HybridCLAdder15Bit.ngr
Top Level Output File Name         : HybridCLAdder15Bit
Output Format                      : NGC
Optimization Goal                  : Speed
Keep Hierarchy                     : No

Design Statistics
# IOs                              : 48

Cell Usage :
# BELS                             : 41
#      LUT2                        : 5
#      LUT3                        : 4
#      LUT4                        : 30
#      MUXF5                       : 2
# IO Buffers                       : 48
#      IBUF                        : 31
#      OBUF                        : 17
=========================================================================

Device utilization summary:
---------------------------

Selected Device : 3s100etq144-4 

 Number of Slices:                       22  out of    960     2%  
 Number of 4 input LUTs:                 39  out of   1920     2%  
 Number of IOs:                          48
 Number of bonded IOBs:                  48  out of    108    44%  

---------------------------
Partition Resource Summary:
---------------------------

  No Partitions were found in this design.

---------------------------


=========================================================================
TIMING REPORT

NOTE: THESE TIMING NUMBERS ARE ONLY A SYNTHESIS ESTIMATE.
      FOR ACCURATE TIMING INFORMATION PLEASE REFER TO THE TRACE REPORT
      GENERATED AFTER PLACE-and-ROUTE.

Clock Information:
------------------
No clock signals found in this design

Asynchronous Control Signals Information:
----------------------------------------
No asynchronous control signals found in this design

Timing Summary:
---------------
Speed Grade: -4

   Minimum period: No path found
   Minimum input arrival time before clock: No path found
   Maximum output required time after clock: No path found
   Maximum combinational path delay: 18.946ns

Timing Detail:
--------------
All values displayed in nanoseconds (ns)

=========================================================================
Timing constraint: Default path analysis
  Total number of paths / destination ports: 527 / 17
-------------------------------------------------------------------------
Delay:               18.946ns (Levels of Logic = 13)
  Source:            M (PAD)
  Destination:       S<14> (PAD)

  Data Path: M to S<14>
                                Gate     Net
    Cell:in->out      fanout   Delay   Delay  Logical Name (Net Name)
    ----------------------------------------  ------------
     IBUF:I->O            28   1.218   1.261  M_IBUF (M_IBUF)
     MUXF5:S->O            2   0.739   0.451  CLA1/C_2_or000031_f5 (CLA1/C<2>)
     LUT4:I3->O            3   0.704   0.535  CLA1/C_3_or00001 (C<0>)
     LUT4:I3->O            1   0.704   0.424  CLA2/C_2_or0000_SW0 (N10)
     LUT4:I3->O            2   0.704   0.451  CLA2/C_2_or0000 (CLA2/C<2>)
     LUT4:I3->O            3   0.704   0.566  CLA2/C_3_or00001 (C<1>)
     LUT4:I2->O            1   0.704   0.424  CLA3/C_2_or000030_SW0 (N16)
     LUT4:I3->O            2   0.704   0.451  CLA3/C_2_or000030 (CLA3/C<2>)
     LUT4:I3->O            6   0.704   0.704  CLA3/C_3_or00001 (C<2>)
     LUT4:I2->O            1   0.704   0.424  CLA5/C_2_or000030_SW0 (N14)
     LUT4:I3->O            3   0.704   0.566  CLA5/C_2_or000030 (check)
     LUT4:I2->O            1   0.704   0.420  CLA5/Mxor_S<2>_Result1 (S_14_OBUF)
     OBUF:I->O                 3.272          S_14_OBUF (S<14>)
    ----------------------------------------
    Total                     18.946ns (12.269ns logic, 6.677ns route)
                                       (64.8% logic, 35.2% route)

=========================================================================


Total REAL time to Xst completion: 3.00 secs
Total CPU time to Xst completion: 3.24 secs
 
--> 

Total memory usage is 4522580 kilobytes

Number of errors   :    0 (   0 filtered)
Number of warnings :    5 (   0 filtered)
Number of infos    :    0 (   0 filtered)

